2015-02-21T18:14:01+00:00 3a AGR-3A-CL-1 originale 0 Skipping
2015-02-21T18:14:01+00:00 3a AGR-3A-CL-1 hudson 1 Skipping
2015-02-21T18:14:01+00:00 3a AGR-3A-CL-1 hudson 0 Skipping
2015-02-21T18:14:01+00:00 1a annuario_new originale 0 Skipping
2015-02-21T18:14:01+00:00 1a AGR-2A-FF-4 willow 0 Skipping
2015-02-21T18:14:01+00:00 1a AGR-2A-FF-1 amaro 1 Skipping
2015-02-21T18:14:01+00:00 1a AGR-2A-CL-3 originale 0 Skipping
2015-02-21T18:16:01+00:00 3a AGR-3A-CL-1 originale 0 Skipping
2015-02-21T18:16:01+00:00 3a AGR-3A-CL-1 hudson 1 Skipping
2015-02-21T18:16:01+00:00 3a AGR-3A-CL-1 hudson 0 Skipping
2015-02-21T18:16:01+00:00 1a annuario_new originale 0 Skipping
2015-02-21T18:16:01+00:00 1a AGR-2A-FF-4 willow 0 Skipping
2015-02-21T18:16:01+00:00 1a AGR-2A-FF-1 amaro 1 Skipping
2015-02-21T18:16:01+00:00 1a AGR-2A-CL-3 originale 0 Skipping
2015-02-21T18:18:01+00:00 3a AGR-3A-CL-1 originale 0 Skipping
2015-02-21T18:18:01+00:00 3a AGR-3A-CL-1 hudson 1 Skipping
2015-02-21T18:18:01+00:00 3a AGR-3A-CL-1 hudson 0 Skipping
2015-02-21T18:18:01+00:00 1a annuario_new originale 0 Skipping
2015-02-21T18:18:01+00:00 1a AGR-2A-FF-4 willow 0 Skipping
2015-02-21T18:18:01+00:00 1a AGR-2A-FF-1 amaro 1 Skipping
2015-02-21T18:18:01+00:00 1a AGR-2A-CL-3 originale 0 Skipping
2015-02-21T18:20:01+00:00 3a AGR-3A-CL-1 originale 0 Skipping
2015-02-21T18:20:01+00:00 3a AGR-3A-CL-1 hudson 1 Skipping
2015-02-21T18:20:01+00:00 3a AGR-3A-CL-1 hudson 0 Skipping
2015-02-21T18:20:01+00:00 1a annuario_new originale 0 Skipping
2015-02-21T18:20:01+00:00 1a AGR-2A-FF-4 willow 0 Skipping
2015-02-21T18:20:01+00:00 1a AGR-2A-FF-1 amaro 1 Skipping
2015-02-21T18:20:01+00:00 1a AGR-2A-CL-3 originale 0 Skipping
2015-02-21T18:22:02+00:00 3a AGR-3A-CL-1 originale 0 Skipping
2015-02-21T18:22:02+00:00 3a AGR-3A-CL-1 hudson 1 Skipping
2015-02-21T18:22:02+00:00 3a AGR-3A-CL-1 hudson 0 Skipping
2015-02-21T18:22:02+00:00 1a annuario_new originale 0 Skipping
2015-02-21T18:22:02+00:00 1a AGR-2A-FF-4 willow 0 Skipping
2015-02-21T18:22:02+00:00 1a AGR-2A-FF-1 amaro 1 Skipping
2015-02-21T18:22:02+00:00 1a AGR-2A-CL-3 originale 0 Skipping
2015-02-21T18:24:01+00:00 3a AGR-3A-CL-1 originale 0 Skipping
2015-02-21T18:24:01+00:00 3a AGR-3A-CL-1 hudson 1 Skipping
2015-02-21T18:24:01+00:00 3a AGR-3A-CL-1 hudson 0 Skipping
2015-02-21T18:24:01+00:00 1a annuario_new originale 0 Skipping
2015-02-21T18:24:01+00:00 1a AGR-2A-FF-4 willow 0 Skipping
2015-02-21T18:24:01+00:00 1a AGR-2A-FF-1 amaro 1 Skipping
2015-02-21T18:24:01+00:00 1a AGR-2A-CL-3 originale 0 Skipping
2015-02-21T18:26:02+00:00 3a AGR-3A-CL-1 originale 0 Skipping
2015-02-21T18:26:02+00:00 3a AGR-3A-CL-1 hudson 1 Skipping
2015-02-21T18:26:02+00:00 3a AGR-3A-CL-1 hudson 0 Skipping
2015-02-21T18:26:02+00:00 1a annuario_new originale 0 Skipping
2015-02-21T18:26:02+00:00 1a AGR-2A-FF-4 willow 0 Skipping
2015-02-21T18:26:02+00:00 1a AGR-2A-FF-1 amaro 1 Skipping
2015-02-21T18:26:02+00:00 1a AGR-2A-CL-3 originale 0 Skipping
2015-02-21T18:28:01+00:00 3a AGR-3A-CL-1 originale 0 Skipping
2015-02-21T18:28:01+00:00 3a AGR-3A-CL-1 hudson 1 Skipping
2015-02-21T18:28:01+00:00 3a AGR-3A-CL-1 hudson 0 Skipping
2015-02-21T18:28:01+00:00 1a annuario_new originale 0 Skipping
2015-02-21T18:28:01+00:00 1a AGR-2A-FF-4 willow 0 Skipping
2015-02-21T18:28:01+00:00 1a AGR-2A-FF-1 amaro 1 Skipping
2015-02-21T18:28:01+00:00 1a AGR-2A-CL-3 originale 0 Skipping
2015-02-21T18:30:02+00:00 3a AGR-3A-CL-1 originale 0 Skipping
2015-02-21T18:30:02+00:00 3a AGR-3A-CL-1 hudson 1 Skipping
2015-02-21T18:30:02+00:00 3a AGR-3A-CL-1 hudson 0 Skipping
2015-02-21T18:30:02+00:00 1a annuario_new originale 0 Skipping
2015-02-21T18:30:02+00:00 1a AGR-2A-FF-4 willow 0 Skipping
2015-02-21T18:30:02+00:00 1a AGR-2A-FF-1 amaro 1 Skipping
2015-02-21T18:30:02+00:00 1a AGR-2A-CL-3 originale 0 Skipping
2015-02-21T18:32:02+00:00 3a AGR-3A-CL-1 originale 0 Skipping
2015-02-21T18:32:02+00:00 3a AGR-3A-CL-1 hudson 1 Skipping
2015-02-21T18:32:02+00:00 3a AGR-3A-CL-1 hudson 0 Skipping
2015-02-21T18:32:02+00:00 1a annuario_new originale 0 Skipping
2015-02-21T18:32:02+00:00 1a AGR-2A-FF-4 willow 0 Skipping
2015-02-21T18:32:02+00:00 1a AGR-2A-FF-1 amaro 1 Skipping
2015-02-21T18:32:02+00:00 1a AGR-2A-CL-3 originale 0 Skipping
2015-02-21T18:34:02+00:00 3a AGR-3A-CL-1 originale 0 Skipping
2015-02-21T18:34:02+00:00 3a AGR-3A-CL-1 hudson 1 Skipping
2015-02-21T18:34:02+00:00 3a AGR-3A-CL-1 hudson 0 Skipping
2015-02-21T18:34:02+00:00 1a annuario_new originale 0 Skipping
2015-02-21T18:34:02+00:00 1a AGR-2A-FF-4 willow 0 Skipping
2015-02-21T18:34:02+00:00 1a AGR-2A-FF-1 amaro 1 Skipping
2015-02-21T18:34:02+00:00 1a AGR-2A-CL-3 originale 0 Skipping
2015-02-21T18:36:02+00:00 3a AGR-3A-CL-1 originale 0 Skipping
2015-02-21T18:36:02+00:00 3a AGR-3A-CL-1 hudson 1 Skipping
2015-02-21T18:36:02+00:00 3a AGR-3A-CL-1 hudson 0 Skipping
2015-02-21T18:36:02+00:00 1a annuario_new originale 0 Skipping
2015-02-21T18:36:02+00:00 1a AGR-2A-FF-4 willow 0 Skipping
2015-02-21T18:36:02+00:00 1a AGR-2A-FF-1 amaro 1 Skipping
2015-02-21T18:36:02+00:00 1a AGR-2A-CL-3 originale 0 Skipping
2015-02-21T18:38:02+00:00 3a AGR-3A-CL-1 originale 0 Skipping
2015-02-21T18:38:02+00:00 3a AGR-3A-CL-1 hudson 1 Skipping
2015-02-21T18:38:02+00:00 3a AGR-3A-CL-1 hudson 0 Skipping
2015-02-21T18:38:02+00:00 1a annuario_new originale 0 Skipping
2015-02-21T18:38:02+00:00 1a AGR-2A-FF-4 willow 0 Skipping
2015-02-21T18:38:02+00:00 1a AGR-2A-FF-1 amaro 1 Skipping
2015-02-21T18:38:02+00:00 1a AGR-2A-CL-3 originale 0 Skipping
2015-02-21T18:40:02+00:00 3a AGR-3A-CL-1 originale 0 Skipping
2015-02-21T18:40:02+00:00 3a AGR-3A-CL-1 hudson 1 Skipping
2015-02-21T18:40:02+00:00 3a AGR-3A-CL-1 hudson 0 Skipping
2015-02-21T18:40:02+00:00 1a annuario_new originale 0 Skipping
2015-02-21T18:40:02+00:00 1a AGR-2A-FF-4 willow 0 Skipping
2015-02-21T18:40:02+00:00 1a AGR-2A-FF-1 amaro 1 Skipping
2015-02-21T18:40:02+00:00 1a AGR-2A-CL-3 originale 0 Skipping
2015-02-21T18:42:02+00:00 3a AGR-3A-CL-1 originale 0 Skipping
2015-02-21T18:42:02+00:00 3a AGR-3A-CL-1 hudson 1 Skipping
2015-02-21T18:42:02+00:00 3a AGR-3A-CL-1 hudson 0 Skipping
2015-02-21T18:42:02+00:00 1a annuario_new originale 0 Skipping
2015-02-21T18:42:02+00:00 1a AGR-2A-FF-4 willow 0 Skipping
2015-02-21T18:42:02+00:00 1a AGR-2A-FF-1 amaro 1 Skipping
2015-02-21T18:42:02+00:00 1a AGR-2A-CL-3 originale 0 Skipping
2015-02-21T18:44:02+00:00 3a AGR-3A-CL-1 originale 0 Skipping
2015-02-21T18:44:02+00:00 3a AGR-3A-CL-1 hudson 1 Skipping
2015-02-21T18:44:02+00:00 3a AGR-3A-CL-1 hudson 0 Skipping
2015-02-21T18:44:02+00:00 1a annuario_new originale 0 Skipping
2015-02-21T18:44:02+00:00 1a AGR-2A-FF-4 willow 0 Skipping
2015-02-21T18:44:02+00:00 1a AGR-2A-FF-1 amaro 1 Skipping
2015-02-21T18:44:02+00:00 1a AGR-2A-CL-3 originale 0 Skipping
2015-02-21T18:46:02+00:00 3a AGR-3A-CL-1 originale 0 Skipping
2015-02-21T18:46:02+00:00 3a AGR-3A-CL-1 hudson 1 Skipping
2015-02-21T18:46:02+00:00 3a AGR-3A-CL-1 hudson 0 Skipping
2015-02-21T18:46:02+00:00 1a annuario_new originale 0 Skipping
2015-02-21T18:46:02+00:00 1a AGR-2A-FF-4 willow 0 Skipping
2015-02-21T18:46:02+00:00 1a AGR-2A-FF-1 amaro 1 Skipping
2015-02-21T18:46:02+00:00 1a AGR-2A-CL-3 originale 0 Skipping
2015-02-21T18:48:02+00:00 3a AGR-3A-CL-1 originale 0 Skipping
2015-02-21T18:48:02+00:00 3a AGR-3A-CL-1 hudson 1 Skipping
2015-02-21T18:48:02+00:00 3a AGR-3A-CL-1 hudson 0 Skipping
2015-02-21T18:48:02+00:00 1a annuario_new originale 0 Skipping
2015-02-21T18:48:02+00:00 1a AGR-2A-FF-4 willow 0 Skipping
2015-02-21T18:48:02+00:00 1a AGR-2A-FF-1 amaro 1 Skipping
2015-02-21T18:48:02+00:00 1a AGR-2A-CL-3 originale 0 Skipping
2015-02-21T18:50:03+00:00 3a AGR-3A-CL-1 originale 0 Skipping
2015-02-21T18:50:03+00:00 3a AGR-3A-CL-1 hudson 1 Skipping
2015-02-21T18:50:03+00:00 3a AGR-3A-CL-1 hudson 0 Skipping
2015-02-21T18:50:03+00:00 1a annuario_new originale 0 Skipping
2015-02-21T18:50:03+00:00 1a AGR-2A-FF-4 willow 0 Skipping
2015-02-21T18:50:03+00:00 1a AGR-2A-FF-1 amaro 1 Skipping
2015-02-21T18:50:03+00:00 1a AGR-2A-CL-3 originale 0 Skipping
2015-02-21T18:52:02+00:00 3a AGR-3A-CL-1 originale 0 Skipping
2015-02-21T18:52:02+00:00 3a AGR-3A-CL-1 hudson 1 Skipping
2015-02-21T18:52:02+00:00 3a AGR-3A-CL-1 hudson 0 Skipping
2015-02-21T18:52:02+00:00 1a annuario_new originale 0 Skipping
2015-02-21T18:52:02+00:00 1a AGR-2A-FF-4 willow 0 Skipping
2015-02-21T18:52:02+00:00 1a AGR-2A-FF-1 amaro 1 Skipping
2015-02-21T18:52:02+00:00 1a AGR-2A-CL-3 originale 0 Skipping
2015-02-21T18:54:02+00:00 3a AGR-3A-CL-1 originale 0 Skipping
2015-02-21T18:54:02+00:00 3a AGR-3A-CL-1 hudson 1 Skipping
2015-02-21T18:54:02+00:00 3a AGR-3A-CL-1 hudson 0 Skipping
2015-02-21T18:54:02+00:00 1a annuario_new originale 0 Skipping
2015-02-21T18:54:02+00:00 1a AGR-2A-FF-4 willow 0 Skipping
2015-02-21T18:54:02+00:00 1a AGR-2A-FF-1 amaro 1 Skipping
2015-02-21T18:54:02+00:00 1a AGR-2A-CL-3 originale 0 Skipping
2015-02-21T18:56:02+00:00 3a AGR-3A-CL-1 originale 0 Skipping
2015-02-21T18:56:02+00:00 3a AGR-3A-CL-1 hudson 1 Skipping
2015-02-21T18:56:02+00:00 3a AGR-3A-CL-1 hudson 0 Skipping
2015-02-21T18:56:02+00:00 1a annuario_new originale 0 Skipping
2015-02-21T18:56:02+00:00 1a AGR-2A-FF-4 willow 0 Skipping
2015-02-21T18:56:02+00:00 1a AGR-2A-FF-1 amaro 1 Skipping
2015-02-21T18:56:02+00:00 1a AGR-2A-CL-3 originale 0 Skipping
2015-02-21T18:58:02+00:00 3a AGR-3A-CL-1 originale 0 Skipping
2015-02-21T18:58:02+00:00 3a AGR-3A-CL-1 hudson 1 Skipping
2015-02-21T18:58:02+00:00 3a AGR-3A-CL-1 hudson 0 Skipping
2015-02-21T18:58:02+00:00 1a annuario_new originale 0 Skipping
2015-02-21T18:58:02+00:00 1a AGR-2A-FF-4 willow 0 Skipping
2015-02-21T18:58:02+00:00 1a AGR-2A-FF-1 amaro 1 Skipping
2015-02-21T18:58:02+00:00 1a AGR-2A-CL-3 originale 0 Skipping
2015-02-21T19:00:02+00:00 3a AGR-3A-CL-1 originale 0 Skipping
2015-02-21T19:00:02+00:00 3a AGR-3A-CL-1 hudson 1 Skipping
2015-02-21T19:00:02+00:00 3a AGR-3A-CL-1 hudson 0 Skipping
2015-02-21T19:00:02+00:00 1a annuario_new originale 0 Skipping
2015-02-21T19:00:02+00:00 1a AGR-2A-FF-4 willow 0 Skipping
2015-02-21T19:00:02+00:00 1a AGR-2A-FF-1 amaro 1 Skipping
2015-02-21T19:00:02+00:00 1a AGR-2A-CL-3 originale 0 Skipping
2015-02-21T19:02:02+00:00 3a AGR-3A-CL-1 originale 0 Skipping
2015-02-21T19:02:02+00:00 3a AGR-3A-CL-1 hudson 1 Skipping
2015-02-21T19:02:02+00:00 3a AGR-3A-CL-1 hudson 0 Skipping
2015-02-21T19:02:02+00:00 1a annuario_new originale 0 Skipping
2015-02-21T19:02:02+00:00 1a AGR-2A-FF-4 willow 0 Skipping
2015-02-21T19:02:02+00:00 1a AGR-2A-FF-1 amaro 1 Skipping
2015-02-21T19:02:02+00:00 1a AGR-2A-CL-3 originale 0 Skipping
2015-02-21T19:04:02+00:00 3a AGR-3A-CL-1 originale 0 Skipping
2015-02-21T19:04:02+00:00 3a AGR-3A-CL-1 hudson 1 Skipping
2015-02-21T19:04:02+00:00 3a AGR-3A-CL-1 hudson 0 Skipping
2015-02-21T19:04:02+00:00 1a annuario_new originale 0 Skipping
2015-02-21T19:04:02+00:00 1a AGR-2A-FF-4 willow 0 Skipping
2015-02-21T19:04:02+00:00 1a AGR-2A-FF-1 amaro 1 Skipping
2015-02-21T19:04:02+00:00 1a AGR-2A-CL-3 originale 0 Skipping
2015-02-21T19:06:03+00:00 3a AGR-3A-CL-1 originale 0 Skipping
2015-02-21T19:06:03+00:00 3a AGR-3A-CL-1 hudson 1 Skipping
2015-02-21T19:06:03+00:00 3a AGR-3A-CL-1 hudson 0 Skipping
2015-02-21T19:06:03+00:00 1a annuario_new originale 0 Skipping
2015-02-21T19:06:03+00:00 1a AGR-2A-FF-4 willow 0 Skipping
2015-02-21T19:06:03+00:00 1a AGR-2A-FF-1 amaro 1 Skipping
2015-02-21T19:06:03+00:00 1a AGR-2A-CL-3 originale 0 Skipping
2015-02-21T19:08:02+00:00 3a AGR-3A-CL-1 originale 0 Skipping
2015-02-21T19:08:02+00:00 3a AGR-3A-CL-1 hudson 1 Skipping
2015-02-21T19:08:02+00:00 3a AGR-3A-CL-1 hudson 0 Skipping
2015-02-21T19:08:02+00:00 1a annuario_new originale 0 Skipping
2015-02-21T19:08:02+00:00 1a AGR-2A-FF-4 willow 0 Skipping
2015-02-21T19:08:02+00:00 1a AGR-2A-FF-1 amaro 1 Skipping
2015-02-21T19:08:02+00:00 1a AGR-2A-CL-3 originale 0 Skipping
2015-02-21T19:10:02+00:00 3a AGR-3A-CL-1 originale 0 Skipping
2015-02-21T19:10:02+00:00 3a AGR-3A-CL-1 hudson 1 Skipping
2015-02-21T19:10:02+00:00 3a AGR-3A-CL-1 hudson 0 Skipping
2015-02-21T19:10:02+00:00 1a annuario_new originale 0 Skipping
2015-02-21T19:10:02+00:00 1a AGR-2A-FF-4 willow 0 Skipping
2015-02-21T19:10:02+00:00 1a AGR-2A-FF-1 amaro 1 Skipping
2015-02-21T19:10:02+00:00 1a AGR-2A-CL-3 originale 0 Skipping
2015-02-21T19:12:02+00:00 3a AGR-3A-CL-1 originale 0 Skipping
2015-02-21T19:12:02+00:00 3a AGR-3A-CL-1 hudson 1 Skipping
2015-02-21T19:12:02+00:00 3a AGR-3A-CL-1 hudson 0 Skipping
2015-02-21T19:12:02+00:00 1a annuario_new originale 0 Skipping
2015-02-21T19:12:02+00:00 1a AGR-2A-FF-4 willow 0 Skipping
2015-02-21T19:12:02+00:00 1a AGR-2A-FF-1 amaro 1 Skipping
2015-02-21T19:12:02+00:00 1a AGR-2A-CL-3 originale 0 Skipping
2015-02-21T19:14:01+00:00 3a AGR-3A-CL-1 originale 0 Skipping
2015-02-21T19:14:01+00:00 3a AGR-3A-CL-1 hudson 1 Skipping
2015-02-21T19:14:01+00:00 3a AGR-3A-CL-1 hudson 0 Skipping
2015-02-21T19:14:01+00:00 1a annuario_new originale 0 Skipping
2015-02-21T19:14:01+00:00 1a AGR-2A-FF-4 willow 0 Skipping
2015-02-21T19:14:01+00:00 1a AGR-2A-FF-1 amaro 1 Skipping
2015-02-21T19:14:01+00:00 1a AGR-2A-CL-3 originale 0 Skipping
2015-02-21T19:16:01+00:00 3a AGR-3A-CL-1 originale 0 Skipping
2015-02-21T19:16:01+00:00 3a AGR-3A-CL-1 hudson 1 Skipping
2015-02-21T19:16:01+00:00 3a AGR-3A-CL-1 hudson 0 Skipping
2015-02-21T19:16:01+00:00 1a annuario_new originale 0 Skipping
2015-02-21T19:16:01+00:00 1a AGR-2A-FF-4 willow 0 Skipping
2015-02-21T19:16:01+00:00 1a AGR-2A-FF-1 amaro 1 Skipping
2015-02-21T19:16:01+00:00 1a AGR-2A-CL-3 originale 0 Skipping
2015-02-21T19:18:02+00:00 3a AGR-3A-CL-1 originale 0 Skipping
2015-02-21T19:18:02+00:00 3a AGR-3A-CL-1 hudson 1 Skipping
2015-02-21T19:18:02+00:00 3a AGR-3A-CL-1 hudson 0 Skipping
2015-02-21T19:18:02+00:00 1a annuario_new originale 0 Skipping
2015-02-21T19:18:02+00:00 1a AGR-2A-FF-4 willow 0 Skipping
2015-02-21T19:18:02+00:00 1a AGR-2A-FF-1 amaro 1 Skipping
2015-02-21T19:18:02+00:00 1a AGR-2A-CL-3 originale 0 Skipping
2015-02-21T19:50:03+00:00 3a AGR-3A-CL-1 originale 0 Skipping
2015-02-21T19:50:03+00:00 3a AGR-3A-CL-1 hudson 1 Skipping
2015-02-21T19:50:03+00:00 3a AGR-3A-CL-1 hudson 0 Skipping
2015-02-21T19:50:03+00:00 1a annuario_new originale 0 Skipping
2015-02-21T19:50:03+00:00 1a AGR-2A-FF-4 willow 0 Skipping
2015-02-21T19:50:03+00:00 1a AGR-2A-FF-1 amaro 1 Skipping
2015-02-21T19:50:03+00:00 1a AGR-2A-CL-3 originale 0 Skipping
2015-02-21T20:10:01+00:00 3a AGR-3A-CL-1 originale 0 Filtering started
2015-02-21T20:10:01+00:00 3a AGR-3A-CL-1 originale 0 Filtering done
2015-02-21T20:10:01+00:00 3a AGR-3A-CL-1 hudson 1 Filtering started
2015-02-21T20:10:01+00:00 3a AGR-3A-CL-1 hudson 1 Filtering done
2015-02-21T20:10:01+00:00 3a AGR-3A-CL-1 hudson 0 Filtering started
2015-02-21T20:10:01+00:00 3a AGR-3A-CL-1 hudson 0 Filtering done
2015-02-21T20:10:01+00:00 1a annuario_new originale 0 Skipping
2015-02-21T20:10:01+00:00 1a AGR-2A-FF-4 willow 0 Filtering started
2015-02-21T20:10:02+00:00 1a AGR-2A-FF-4 willow 0 Filtering done
2015-02-21T20:10:02+00:00 1a AGR-2A-FF-1 amaro 1 Filtering started
2015-02-21T20:10:02+00:00 1a AGR-2A-FF-1 amaro 1 Filtering done
2015-02-21T20:10:02+00:00 1a AGR-2A-CL-3 originale 0 Filtering started
2015-02-21T20:10:02+00:00 1a AGR-2A-CL-3 originale 0 Filtering done
